This is pdfTeX, Version 3.1415926-1.40.10 (TeX Live 2009/Debian) (format=latex 2012.7.25)  8 APR 2013 18:25
entering extended mode
 %&-line parsing enabled.
**./final.tex
(./final.tex
LaTeX2e <2009/09/24>
Babel <v3.8l> and hyphenation patterns for english, usenglishmax, dumylang, noh
yphenation, loaded.
(/usr/share/texmf-texlive/tex/latex/base/article.cls
Document Class: article 2007/10/19 v1.4h Standard LaTeX document class
(/usr/share/texmf-texlive/tex/latex/base/size10.clo
File: size10.clo 2007/10/19 v1.4h Standard LaTeX file (size option)
)
\c@part=\count79
\c@section=\count80
\c@subsection=\count81
\c@subsubsection=\count82
\c@paragraph=\count83
\c@subparagraph=\count84
\c@figure=\count85
\c@table=\count86
\abovecaptionskip=\skip41
\belowcaptionskip=\skip42
\bibindent=\dimen102
) (./apacite.sty
Package: apacite 1994/11/30 APA citation
\c@BibCnt=\count87
\bibleftmargin=\skip43
)
(./simpleConference.sty
! Font \tenhv=phvb at 10.0pt not loadable: Metric (TFM) file not found.
l.21 \font\tenhv  = phvb at 10pt
                                
? 
! Emergency stop.
l.21 \font\tenhv  = phvb at 10pt
                                
End of file on the terminal!

 
Here is how much of TeX's memory you used:
 285 strings out of 495062
 2772 string characters out of 1182644
 48126 words of memory out of 3000000
 3546 multiletter control sequences out of 15000+50000
 3640 words of font info for 14 fonts, out of 3000000 for 9000
 28 hyphenation exceptions out of 8191
 23i,0n,21p,138b,36s stack positions out of 5000i,500n,10000p,200000b,50000s
No pages of output.
